null
============================
<?xml version="1.0" encoding="WINDOWS-1251" standalone="yes"?>
<definitions xmlns="http://www.omg.org/spec/BPMN/20100524/MODEL" xmlns:activiti="http://activiti.org/bpmn" xmlns:bpmndi="http://www.omg.org/spec/BPMN/20100524/DI" xmlns:omgdc="http://www.omg.org/spec/DD/20100524/DC" xmlns:omgdi="http://www.omg.org/spec/DD/20100524/DI" xmlns:tns="http://www.activiti.org/test" xmlns:xsd="http://www.w3.org/2001/XMLSchema" xmlns:xsi="http://www.w3.org/2001/XMLSchema-instance" xmlns:yaoqiang="http://bpmn.sourceforge.net" exporter="Yaoqiang BPMN Editor" exporterVersion="5.3" expressionLanguage="http://www.w3.org/1999/XPath" id="_1510960606942" name="" targetNamespace="http://www.activiti.org/test" typeLanguage="http://www.w3.org/2001/XMLSchema" xsi:schemaLocation="http://www.omg.org/spec/BPMN/20100524/MODEL http://bpmn.sourceforge.net/schemas/BPMN20.xsd">
  <process id="znes_bud_393" isClosed="false" isExecutable="true" name="Дозвіл на знесення аварійних будівель" processType="None">
    <documentation id="znes_bud_393_D_1" textFormat="text/plain"><![CDATA[Смоктій К.В.  Последние правки: 24.03.2017]]></documentation>
    <extensionElements>
      <yaoqiang:description/>
      <yaoqiang:pageFormat height="841.8897637795276" imageableHeight="831.8897637795276" imageableWidth="588.1102362204724" imageableX="5.0" imageableY="5.0" orientation="0" width="598.1102362204724"/>
      <yaoqiang:page background="#FFFFFF" horizontalCount="1" verticalCount="1"/>
    </extensionElements>
    <startEvent id="startevent1" isInterrupting="true" name="Start" parallelMultiple="false">
      <extensionElements>
        <activiti:formProperty default="0" id="sID_Public_SubjectOrganJoin" name="Оберіть свій район або місто" required="true" type="select"/>
        <activiti:formProperty id="bankIdlastName" name="Прізвище" required="true" type="string"/>
        <activiti:formProperty id="bankIdfirstName" name="Ім'я" required="true" type="string"/>
        <activiti:formProperty id="bankIdmiddleName" name="По батькові" required="true" type="string"/>
        <activiti:formProperty id="bankIdAddressFactual" name="Адреса реєстрації громадянина" required="true" type="string"/>
        <activiti:formProperty id="bankIdPassport" name="Серія та номер паспорту" required="true" type="string"/>
        <activiti:formProperty id="bankId_scan_passport" name="Сканована копія паспорту;завантажте скановану копію одним файлом формату pdf або архівом zip ;bNew=true" required="true" type="file"/>
        <activiti:formProperty id="bankIdinn" name="ІПН" required="true" type="string"/>
        <activiti:formProperty id="bankId_scan_inn" name="сканована копія ІПН; ;bNew=true" required="true" type="file"/>
        <activiti:formProperty id="sAdressBuilding" name="Адреса будівлі щодо якої запрошується дозвіл на знесення" required="true" type="string"/>
        <activiti:formProperty id="fSvidoztvoNaPravoSobstvennosti" name="Свідоцтво про право власності на будинок; ;bNew=true" required="true" type="file"/>
        <activiti:formProperty id="email" name="E-Mail адреса для зворотнього зв'язку" required="true" type="string"/>
        <activiti:formProperty default="+380" id="phone" name="Контактний (особистий) номер телефону для зворотнього зв'язку" required="true" type="string"/>
        <activiti:formProperty id="sNameOrgan" name="Центр надання адмінпослуг ; ;bVisible=false" type="string"/>
        <activiti:formProperty id="sMailClerk" name="пошта оргструктури (району)" type="string"/>
        <activiti:formProperty id="sAddress" name="адрес оргструктури (району) ; ;bVisible=false" type="string"/>
        <activiti:formProperty id="sPhoneOrgan" name="телефон для довідки оргструктури (району) ; ;bVisible=false" type="string"/>
        <activiti:formProperty id="sWorkTime" name="графік роботи оргструктури (району) ; ;bVisible=false" type="string"/>
        <activiti:formProperty id="sShapka_spend_meeting_404" name="Керівнику якого робочого органу ; ;bVisible=false" type="string"/>
        <activiti:formProperty id="date_today" name="Дата подачі заяви ; ;bVisible=false" type="string"/>
        <activiti:formProperty id="sID_UA" name="sID_UA ; ;bVisible=false" type="string"/>
        <activiti:formProperty default="${markerService.loadFromFile('skv/skv_znes_bud_393_1.json')}" id="markers1" name="Розкриття атрібутів" type="markers"/>
      </extensionElements>
      <outgoing>flow19</outgoing>
      <outputSet/>
    </startEvent>
    <userTask activiti:candidateGroups="cnap_${sID_Public_SubjectOrganJoin}" completionQuantity="1" id="usertask1" implementation="##unspecified" isForCompensation="false" name="[Етап I]Перевірка вхідних даних" startQuantity="1">
      <extensionElements>
        <activiti:formProperty id="sNameOrgan" name="Прізвище" type="string" writable="false"/>
        <activiti:formProperty id="date_today" name="Дата подання заяви" type="string" writable="false"/>
        <activiti:formProperty id="bankIdlastName" name="Прізвище" type="string" writable="false"/>
        <activiti:formProperty id="bankIdfirstName" name="Ім'я" type="string" writable="false"/>
        <activiti:formProperty id="bankIdmiddleName" name="По батькові" type="string" writable="false"/>
        <activiti:formProperty id="bankIdAddressFactual" name="Адреса реєстрації громадянина" type="string" writable="false"/>
        <activiti:formProperty id="bankIdPassport" name="Серія та номер паспорту" type="string" writable="false"/>
        <activiti:formProperty id="bankIdinn" name="ІПН" type="string" writable="false"/>
        <activiti:formProperty id="email" name="E-Mail адреса для зворотнього зв'язку" type="string" writable="false"/>
        <activiti:formProperty id="phone" name="Контактний (особистий) номер телефону для зворотнього зв'язку" type="string" writable="false"/>
        <activiti:formProperty id="sAdressBuilding" name="Адреса будівлі  щодо якої запрошується дозвіл на знесення" type="string" writable="false"/>
        <activiti:formProperty id="decision_1" name="Прийняте рішення щодо розгляду надання дозволу" required="true" type="enum">
          <formProperty>
            <formProperty>
              <formProperty>
                <activiti:value id="accept" name="розглянути дозвіл"/>
                <activiti:value id="reject" name="відмовити у розгляданні дозволу"/>
              </formProperty>
            </formProperty>
          </formProperty>
        </activiti:formProperty>
        <activiti:formProperty id="comment_1" name="У разі відмови внесіть, будь ласка, коментар" type="textArea"/>
        <activiti:formProperty id="sMailClerk" name="пошта оргструктури (району) ; ;bVisible=false" type="string"/>
        <activiti:formProperty id="sAddress" name="адрес оргструктури (району) ; ;bVisible=false" type="string"/>
        <activiti:formProperty id="sPhoneOrgan" name="телефон для довідки оргструктури (району) ; ;bVisible=false" type="string"/>
        <activiti:formProperty id="sWorkTime" name="графік роботи оргструктури (району) ; ;bVisible=false" type="string"/>
        <activiti:formProperty id="sShapka_spend_meeting_404" name="Керівнику якого робочого органу ; ;bVisible=false" type="string"/>
        <activiti:formProperty id="bankId_scan_passport" name="Сканована копія паспорту;завантажте скановану копію одним файлом формату pdf або архівом zip;bNew=true" type="file" writable="false"/>
        <activiti:formProperty id="bankId_scan_inn" name="сканована копія ІПН; ;bNew=true" type="file" writable="false"/>
        <activiti:formProperty id="fSvidoztvoNaPravoSobstvennosti" name="Свідоцтво про право власності на будинок; ;bNew=true" type="file" writable="false"/>
        <activiti:taskListener delegateExpression="${fileTaskUploadListener}" event="create"/>
      </extensionElements>
      <incoming>flow17</incoming>
      <outgoing>flow4</outgoing>
    </userTask>
    <userTask activiti:candidateGroups="cnap_${sID_Public_SubjectOrganJoin}" completionQuantity="1" id="usertask2" implementation="##unspecified" isForCompensation="false" startQuantity="1">
      <extensionElements>
        <activiti:formProperty id="sNameOrgan" name="Прізвище" type="string" writable="false"/>
        <activiti:formProperty id="date_today" name="Дата подання заяви" type="string" writable="false"/>
        <activiti:formProperty id="bankIdlastName" name="Прізвище" type="string" writable="false"/>
        <activiti:formProperty id="bankIdfirstName" name="Ім'я" type="string" writable="false"/>
        <activiti:formProperty id="bankIdmiddleName" name="По батькові" type="string" writable="false"/>
        <activiti:formProperty id="bankIdAddressFactual" name="Адреса реєстрації громадянина" type="string" writable="false"/>
        <activiti:formProperty id="bankIdPassport" name="Серія та номер паспорту" type="string" writable="false"/>
        <activiti:formProperty id="bankIdinn" name="ІПН" type="string" writable="false"/>
        <activiti:formProperty id="email" name="E-Mail адреса для зворотнього зв'язку" type="string" writable="false"/>
        <activiti:formProperty id="phone" name="Контактний (особистий) номер телефону для зворотнього зв'язку" type="string" writable="false"/>
        <activiti:formProperty id="sAdressBuilding" name="Адреса будівлі  щодо якої запрошується дозвіл на знесення" type="string" writable="false"/>
        <activiti:formProperty id="decision_2" name="Прийняте рішення щодо надання дозволу" required="true" type="enum">
          <formProperty>
            <formProperty>
              <formProperty>
                <activiti:value id="accept" name="надати дозвіл"/>
                <activiti:value id="reject" name="відмовити у видачі дозволу"/>
              </formProperty>
            </formProperty>
          </formProperty>
        </activiti:formProperty>
        <activiti:formProperty id="comment_2" name="У разі відмови внесіть, будь ласка, коментар" type="textArea"/>
        <activiti:formProperty default="Заява на надання дозволу на знесення будівлі" id="sBody_1" name="[pattern/print/znes_bud_393_print.html] ; ;bVisible=false" type="string" writable="false"/>
        <activiti:formProperty id="sMailClerk" name="пошта оргструктури (району) ; ;bVisible=false" type="string"/>
        <activiti:formProperty id="sAddress" name="адрес оргструктури (району) ; ;bVisible=false" type="string"/>
        <activiti:formProperty id="sPhoneOrgan" name="телефон для довідки оргструктури (району) ; ;bVisible=false" type="string"/>
        <activiti:formProperty id="sWorkTime" name="графік роботи оргструктури (району) ; ;bVisible=false" type="string"/>
        <activiti:formProperty id="sShapka_spend_meeting_404" name="Керівнику якого робочого органу ; ;bVisible=false" type="string"/>
        <activiti:formProperty id="bankId_scan_passport" name="Сканована копія паспорту;завантажте скановану копію одним файлом формату pdf або архівом zip ;bNew=true" type="file" writable="false"/>
        <activiti:formProperty id="bankId_scan_inn" name="сканована копія ІПН; ;bNew=true" type="file" writable="false"/>
        <activiti:formProperty id="fSvidoztvoNaPravoSobstvennosti" name="Свідоцтво про право власності на будинок; ;bNew=true" type="file" writable="false"/>
      </extensionElements>
      <incoming>flow9</incoming>
      <outgoing>flow13</outgoing>
      <outgoing>_7</outgoing>
    </userTask>
    <serviceTask activiti:delegateExpression="#{MailTaskWithAttachmentsAndSMS}" completionQuantity="1" id="servicetask7" implementation="##WebService" isForCompensation="false" name="Повідомлення громадянина  про успішну реєстрацію звернення + СМС" startQuantity="1">
      <extensionElements>
        <activiti:field name="to">
          <field>
            <field>
              <field>
                <activiti:expression>
                  <expression>
                    <expression>
                      <expression><![CDATA[${email}]]></expression>
                    </expression>
                  </expression>
                </activiti:expression>
              </field>
            </field>
          </field>
        </activiti:field>
        <activiti:field name="from">
          <field>
            <field>
              <field>
                <activiti:string>
                  <string>
                    <string>
                      <string><![CDATA[noreply@igov.org.ua]]></string>
                    </string>
                  </string>
                </activiti:string>
              </field>
            </field>
          </field>
        </activiti:field>
        <activiti:field name="subject">
          <field>
            <field>
              <field>
                <activiti:string>
                  <string>
                    <string>
                      <string><![CDATA[Нове звернення на тему: Дозвіл на знесення аварійних будівель]]></string>
                    </string>
                  </string>
                </activiti:string>
              </field>
            </field>
          </field>
        </activiti:field>
        <activiti:field name="text">
          <field>
            <field>
              <field>
                <activiti:expression>
                  <expression>
                    <expression>
                      <expression><![CDATA[[pattern/mail/new_design/_common_header.html]
          [pattern/mail/new_design/_common_content_start.html]
			<p>
				Ваше звернення [sID_Order] успішно зареєстровано та буде розглянуто. <br /> 
				Ви отримаєте відповідь у визначений Законом термін на цю email-адресу.<br />
				<br />
				${sNameOrgan},<br />
				${sAddress}<br />
				${sWorkTime}<br />
				${sPhoneOrgan}<br />
			</p>	
			[pattern/mail/new_design/_common_content_end.html]
			[pattern/mail/new_design/_common_signature_start.html]
				${sNameOrgan},<br />
			[pattern/mail/new_design/_common_signature_end.html]
			[pattern/mail/new_design/_common_footer.html]]]></expression>
                    </expression>
                  </expression>
                </activiti:expression>
              </field>
            </field>
          </field>
        </activiti:field>
        <activiti:field name="sPhone_SMS">
          <field>
            <field>
              <field>
                <activiti:expression>
                  <expression>
                    <expression>
                      <expression><![CDATA[${phone}]]></expression>
                    </expression>
                  </expression>
                </activiti:expression>
              </field>
            </field>
          </field>
        </activiti:field>
        <activiti:field name="sText_SMS">
          <field>
            <field>
              <field>
                <activiti:expression>
                  <expression>
                    <expression>
                      <expression><![CDATA[Vashe zvernennya [sID_Order] zareestrovano]]></expression>
                    </expression>
                  </expression>
                </activiti:expression>
              </field>
            </field>
          </field>
        </activiti:field>
        <activiti:field name="saAttachmentsForSend">
          <field>
            <field>
              <field>
                <activiti:expression>
                  <expression>
                    <expression>
                      <expression><![CDATA[" "]]></expression>
                    </expression>
                  </expression>
                </activiti:expression>
              </field>
            </field>
          </field>
        </activiti:field>
      </extensionElements>
      <incoming>flow18</incoming>
      <outgoing>flow3</outgoing>
    </serviceTask>
    <serviceTask activiti:delegateExpression="#{MailTaskWithoutAttachment}" completionQuantity="1" id="servicetask2" implementation="##WebService" isForCompensation="false" name="Повідомлення посадовця" startQuantity="1">
      <extensionElements>
        <activiti:field name="to">
          <field>
            <field>
              <field>
                <activiti:expression>
                  <expression>
                    <expression>
                      <expression><![CDATA[${sMailClerk}]]></expression>
                    </expression>
                  </expression>
                </activiti:expression>
              </field>
            </field>
          </field>
        </activiti:field>
        <activiti:field name="from">
          <field>
            <field>
              <field>
                <activiti:string>
                  <string>
                    <string>
                      <string><![CDATA[noreply@igov.org.ua]]></string>
                    </string>
                  </string>
                </activiti:string>
              </field>
            </field>
          </field>
        </activiti:field>
        <activiti:field name="subject">
          <field>
            <field>
              <field>
                <activiti:string>
                  <string>
                    <string>
                      <string><![CDATA[Нове звернення на тему: Дозвіл на знесення аварійних будівель]]></string>
                    </string>
                  </string>
                </activiti:string>
              </field>
            </field>
          </field>
        </activiti:field>
        <activiti:field name="text">
          <field>
            <field>
              <field>
                <activiti:expression>
                  <expression>
                    <expression>
                      <expression><![CDATA[[pattern/mail/new_design/_common_employee_notify.html]]]></expression>
                    </expression>
                  </expression>
                </activiti:expression>
              </field>
            </field>
          </field>
        </activiti:field>
      </extensionElements>
      <incoming>flow3</incoming>
      <outgoing>flow17</outgoing>
    </serviceTask>
    <sequenceFlow id="flow3" sourceRef="servicetask7" targetRef="servicetask2"/>
    <sequenceFlow id="flow4" sourceRef="usertask1" targetRef="exclusivegateway1"/>
    <sequenceFlow id="flow5" sourceRef="exclusivegateway1" targetRef="servicetask4">
      <conditionExpression xsi:type="tFormalExpression"><![CDATA[${decision_1=='reject'}]]></conditionExpression>
    </sequenceFlow>
    <sequenceFlow id="flow7" sourceRef="exclusivegateway1" targetRef="servicetask3">
      <conditionExpression xsi:type="tFormalExpression"><![CDATA[${decision_1=='accept'}]]></conditionExpression>
    </sequenceFlow>
    <serviceTask activiti:delegateExpression="#{MailTaskWithAttachmentsAndSMS}" completionQuantity="1" id="servicetask3" implementation="##WebService" isForCompensation="false" name="Повідомлення громадянина про розгляд звернення + СМС" startQuantity="1">
      <extensionElements>
        <activiti:field name="subject">
          <field>
            <field>
              <field>
                <activiti:string>
                  <string>
                    <string>
                      <string><![CDATA[Перевірено звернення на тему: Дозвіл на знесення аварійних будівель]]></string>
                    </string>
                  </string>
                </activiti:string>
              </field>
            </field>
          </field>
        </activiti:field>
        <activiti:field name="to">
          <field>
            <field>
              <field>
                <activiti:expression>
                  <expression>
                    <expression>
                      <expression><![CDATA[${email}]]></expression>
                    </expression>
                  </expression>
                </activiti:expression>
              </field>
            </field>
          </field>
        </activiti:field>
        <activiti:field name="from">
          <field>
            <field>
              <field>
                <activiti:string>
                  <string>
                    <string>
                      <string><![CDATA[noreply@igov.org.ua]]></string>
                    </string>
                  </string>
                </activiti:string>
              </field>
            </field>
          </field>
        </activiti:field>
        <activiti:field name="text">
          <field>
            <field>
              <field>
                <activiti:expression>
                  <expression>
                    <expression>
                      <expression><![CDATA[[pattern/mail/new_design/_common_header.html]
			[pattern/mail/new_design/_common_content_start.html]
				<p>
					Ваше звернення [sID_Order] щодо Дозвіл на знесення аварійних будівель успішно перевірено і буде опрацьовано впродовж визначений Законом термін.<br />
					Ви отримаєте додаткове повідомлення за результатами розгляду звернення.<br />
					<br />
					${sNameOrgan}<br />
					${sAddress}<br />
					${sWorkTime}<br />
					${sPhoneOrgan}<br />
				</p>
			[pattern/mail/new_design/_common_content_end.html]
			[pattern/mail/new_design/_common_signature_start.html]
                ${sNameOrgan}<br />
            [pattern/mail/new_design/_common_signature_end.html]
			[pattern/mail/new_design/_common_footer.html]]]></expression>
                    </expression>
                  </expression>
                </activiti:expression>
              </field>
            </field>
          </field>
        </activiti:field>
        <activiti:field name="sPhone_SMS">
          <field>
            <field>
              <field>
                <activiti:expression>
                  <expression>
                    <expression>
                      <expression><![CDATA[${phone}]]></expression>
                    </expression>
                  </expression>
                </activiti:expression>
              </field>
            </field>
          </field>
        </activiti:field>
        <activiti:field name="sText_SMS">
          <field>
            <field>
              <field>
                <activiti:expression>
                  <expression>
                    <expression>
                      <expression><![CDATA[Status Vashoho zvernennya [sID_Order] zmineno na "Perevireno". Detali: igov.org.ua/journal abo u Vashomu email]]></expression>
                    </expression>
                  </expression>
                </activiti:expression>
              </field>
            </field>
          </field>
        </activiti:field>
        <activiti:field name="saAttachmentsForSend">
          <field>
            <field>
              <field>
                <activiti:expression>
                  <expression>
                    <expression>
                      <expression><![CDATA[" "]]></expression>
                    </expression>
                  </expression>
                </activiti:expression>
              </field>
            </field>
          </field>
        </activiti:field>
      </extensionElements>
      <incoming>flow7</incoming>
      <outgoing>flow9</outgoing>
    </serviceTask>
    <serviceTask activiti:delegateExpression="#{MailTaskWithAttachmentsAndSMS}" completionQuantity="1" id="servicetask4" implementation="##WebService" isForCompensation="false" startQuantity="1">
      <extensionElements>
        <activiti:field name="to">
          <field>
            <field>
              <field>
                <activiti:expression>
                  <expression>
                    <expression>
                      <expression><![CDATA[${email}]]></expression>
                    </expression>
                  </expression>
                </activiti:expression>
              </field>
            </field>
          </field>
        </activiti:field>
        <activiti:field name="from">
          <field>
            <field>
              <field>
                <activiti:string>
                  <string>
                    <string>
                      <string><![CDATA[noreply@igov.org.ua]]></string>
                    </string>
                  </string>
                </activiti:string>
              </field>
            </field>
          </field>
        </activiti:field>
        <activiti:field name="subject">
          <field>
            <field>
              <field>
                <activiti:string>
                  <string>
                    <string>
                      <string><![CDATA[Відхилено звернення на тему: Дозвіл на знесення аварійних будівель]]></string>
                    </string>
                  </string>
                </activiti:string>
              </field>
            </field>
          </field>
        </activiti:field>
        <activiti:field name="text">
          <field>
            <field>
              <field>
                <activiti:expression>
                  <expression>
                    <expression>
                      <expression><![CDATA[[pattern/mail/new_design/_common_header.html]
			[pattern/mail/new_design/_common_content_start.html]
				<p>
					На жаль, змушені відмовити Вам у наданні послуги щодо Дозвіл на знесення аварійних будівель (звернення [sID_Order]).<br /> 
					Підстава: ${comment_1}.<br />
					Звертаємо увагу, Ви можете заповнити заявку повторно на порталі <a href="https://igov.org.ua/" target="_blank">iGov.org.ua</a><br />
					<br />
					${sNameOrgan}<br />
					${sAddress}<br />
					${sWorkTime}<br />
					${sPhoneOrgan}<br />
				</p>
			[pattern/mail/new_design/_common_content_end.html]
			[pattern/mail/new_design/_common_feedback.html]   	 
			[pattern/mail/new_design/_common_signature_start.html]
                ${sNameOrgan}<br />
            [pattern/mail/new_design/_common_signature_end.html]
			[pattern/mail/new_design/_common_footer.html]]]></expression>
                    </expression>
                  </expression>
                </activiti:expression>
              </field>
            </field>
          </field>
        </activiti:field>
        <activiti:field name="sPhone_SMS">
          <field>
            <field>
              <field>
                <activiti:expression>
                  <expression>
                    <expression>
                      <expression><![CDATA[${phone}]]></expression>
                    </expression>
                  </expression>
                </activiti:expression>
              </field>
            </field>
          </field>
        </activiti:field>
        <activiti:field name="sText_SMS">
          <field>
            <field>
              <field>
                <activiti:expression>
                  <expression>
                    <expression>
                      <expression><![CDATA[Status Vashoho zvernennya [sID_Order] zmineno na "Vidhileno". Detali: igov.org.ua/journal abo u Vashomu email]]></expression>
                    </expression>
                  </expression>
                </activiti:expression>
              </field>
            </field>
          </field>
        </activiti:field>
        <activiti:field name="saAttachmentsForSend">
          <field>
            <field>
              <field>
                <activiti:expression>
                  <expression>
                    <expression>
                      <expression><![CDATA[" "]]></expression>
                    </expression>
                  </expression>
                </activiti:expression>
              </field>
            </field>
          </field>
        </activiti:field>
      </extensionElements>
      <incoming>flow5</incoming>
      <outgoing>_3</outgoing>
    </serviceTask>
    <serviceTask activiti:delegateExpression="#{MailTaskWithAttachmentsAndSMS}" completionQuantity="1" id="servicetask5" implementation="##WebService" isForCompensation="false" name="Повідомлення про отримання дозволу на знесення аварійних будівель +  електронний лист" startQuantity="1">
      <extensionElements>
        <activiti:field name="to">
          <field>
            <field>
              <field>
                <activiti:expression>
                  <expression>
                    <expression>
                      <expression><![CDATA[${email}]]></expression>
                    </expression>
                  </expression>
                </activiti:expression>
              </field>
            </field>
          </field>
        </activiti:field>
        <activiti:field name="from">
          <field>
            <field>
              <field>
                <activiti:string>
                  <string>
                    <string>
                      <string><![CDATA[noreply@igov.org.ua]]></string>
                    </string>
                  </string>
                </activiti:string>
              </field>
            </field>
          </field>
        </activiti:field>
        <activiti:field name="subject">
          <field>
            <field>
              <field>
                <activiti:string>
                  <string>
                    <string>
                      <string><![CDATA[Опрацьовано звернення на тему: Дозвіл на знесення аварійних будівель]]></string>
                    </string>
                  </string>
                </activiti:string>
              </field>
            </field>
          </field>
        </activiti:field>
        <activiti:field name="text">
          <field>
            <field>
              <field>
                <activiti:expression>
                  <expression>
                    <expression>
                      <expression><![CDATA[[pattern/mail/new_design/_common_header.html]
			[pattern/mail/new_design/_common_content_start.html]
				<p>
					Ваше звернення [sID_Order] успішно розглянуто та оформлено відповідний дозвіл на знесення аварійних будівель. Зверніться особисто до сільської ради з оригіналом паспорту, щоб отримати відповідний документ.<br />
					<br />
					${sNameOrgan}<br />
					${sAddress}<br />
					${sWorkTime}<br />
					${sPhoneOrgan}<br />
				</p>
			[pattern/mail/new_design/_common_content_end.html]
			[pattern/mail/new_design/_common_feedback.html]   	 
			[pattern/mail/new_design/_common_signature_start.html]
                ${sNameOrgan}<br />
            [pattern/mail/new_design/_common_signature_end.html]
			[pattern/mail/new_design/_common_footer.html]]]></expression>
                    </expression>
                  </expression>
                </activiti:expression>
              </field>
            </field>
          </field>
        </activiti:field>
        <activiti:field name="sPhone_SMS">
          <field>
            <field>
              <field>
                <activiti:expression>
                  <expression>
                    <expression>
                      <expression><![CDATA[${phone}]]></expression>
                    </expression>
                  </expression>
                </activiti:expression>
              </field>
            </field>
          </field>
        </activiti:field>
        <activiti:field name="sText_SMS">
          <field>
            <field>
              <field>
                <activiti:expression>
                  <expression>
                    <expression>
                      <expression><![CDATA[Vashe zvernennya [sID_Order] obrobleno, dozvil nadano ta oformleno. Detali: igov.org.ua/journal abo u Vashomu email]]></expression>
                    </expression>
                  </expression>
                </activiti:expression>
              </field>
            </field>
          </field>
        </activiti:field>
        <activiti:field name="saAttachmentsForSend">
          <field>
            <field>
              <field>
                <activiti:expression>
                  <expression>
                    <expression>
                      <expression><![CDATA[" "]]></expression>
                    </expression>
                  </expression>
                </activiti:expression>
              </field>
            </field>
          </field>
        </activiti:field>
      </extensionElements>
      <incoming>flow10</incoming>
      <outgoing>flow14</outgoing>
    </serviceTask>
    <sequenceFlow id="flow9" sourceRef="servicetask3" targetRef="usertask2"/>
    <serviceTask activiti:delegateExpression="#{MailTaskWithAttachmentsAndSMS}" completionQuantity="1" id="servicetask6" implementation="##WebService" isForCompensation="false" name="Повідомлення про  відмову + електронний лист" startQuantity="1">
      <extensionElements>
        <activiti:field name="to">
          <field>
            <field>
              <field>
                <activiti:expression>
                  <expression>
                    <expression>
                      <expression><![CDATA[${email}]]></expression>
                    </expression>
                  </expression>
                </activiti:expression>
              </field>
            </field>
          </field>
        </activiti:field>
        <activiti:field name="from">
          <field>
            <field>
              <field>
                <activiti:string>
                  <string>
                    <string>
                      <string><![CDATA[noreply@igov.org.ua]]></string>
                    </string>
                  </string>
                </activiti:string>
              </field>
            </field>
          </field>
        </activiti:field>
        <activiti:field name="subject">
          <field>
            <field>
              <field>
                <activiti:string>
                  <string>
                    <string>
                      <string><![CDATA[Відхилено звернення на тему: Дозвіл на знесення аварійних будівель]]></string>
                    </string>
                  </string>
                </activiti:string>
              </field>
            </field>
          </field>
        </activiti:field>
        <activiti:field name="text">
          <field>
            <field>
              <field>
                <activiti:expression>
                  <expression>
                    <expression>
                      <expression><![CDATA[[pattern/mail/new_design/_common_header.html]
			[pattern/mail/new_design/_common_content_start.html]
				<p>
					На жаль, змушені відмовити Вам у наданні послуги (звернення [sID_Order]).<br /> 
					Підстава: ${comment_2}.<br />
					Звертаємо увагу, Ви можете заповнити заявку повторно на порталі <a href="https://igov.org.ua/" target="_blank">iGov.org.ua</a><br />
					<br />
					${sNameOrgan}<br />
					${sAddress}<br />
					${sWorkTime}<br />
					${sPhoneOrgan}<br />
				</p>
			[pattern/mail/new_design/_common_content_end.html]
			[pattern/mail/new_design/_common_feedback.html]   	 
			[pattern/mail/new_design/_common_signature_start.html]
                ${sNameOrgan}<br />
            [pattern/mail/new_design/_common_signature_end.html]
			[pattern/mail/new_design/_common_footer.html]]]></expression>
                    </expression>
                  </expression>
                </activiti:expression>
              </field>
            </field>
          </field>
        </activiti:field>
        <activiti:field name="sPhone_SMS">
          <field>
            <field>
              <field>
                <activiti:expression>
                  <expression>
                    <expression>
                      <expression><![CDATA[${phone}]]></expression>
                    </expression>
                  </expression>
                </activiti:expression>
              </field>
            </field>
          </field>
        </activiti:field>
        <activiti:field name="sText_SMS">
          <field>
            <field>
              <field>
                <activiti:expression>
                  <expression>
                    <expression>
                      <expression><![CDATA[Status Vashoho zvernennya [sID_Order] zmineno na "Vidhileno". Detali: igov.org.ua/journal abo u Vashomu email]]></expression>
                    </expression>
                  </expression>
                </activiti:expression>
              </field>
            </field>
          </field>
        </activiti:field>
        <activiti:field name="saAttachmentsForSend">
          <field>
            <field>
              <field>
                <activiti:expression>
                  <expression>
                    <expression>
                      <expression><![CDATA[" "]]></expression>
                    </expression>
                  </expression>
                </activiti:expression>
              </field>
            </field>
          </field>
        </activiti:field>
      </extensionElements>
      <incoming>flow11</incoming>
      <outgoing>flow15</outgoing>
    </serviceTask>
    <scriptTask activiti:autoStoreVariables="false" completionQuantity="1" id="scripttask1" isForCompensation="false" name="Script Task" scriptFormat="groovy" startQuantity="1">
      <incoming>flow19</incoming>
      <outgoing>flow18</outgoing>
      <script><![CDATA[execution.setVariable('date_today', new Date().format("dd.MM.yyyy").toString())]]></script>
    </scriptTask>
    <exclusiveGateway gatewayDirection="Unspecified" id="exclusivegateway2" name="Exclusive Gateway">
      <incoming>flow13</incoming>
      <outgoing>flow10</outgoing>
      <outgoing>flow11</outgoing>
    </exclusiveGateway>
    <sequenceFlow id="flow10" name="Дозвіл надано" sourceRef="exclusivegateway2" targetRef="servicetask5">
      <conditionExpression xsi:type="tFormalExpression"><![CDATA[${decision_2=='accept'}]]></conditionExpression>
    </sequenceFlow>
    <sequenceFlow id="flow11" name="Відхилення" sourceRef="exclusivegateway2" targetRef="servicetask6">
      <conditionExpression xsi:type="tFormalExpression"><![CDATA[${decision_2=='reject'}]]></conditionExpression>
    </sequenceFlow>
    <sequenceFlow id="flow13" sourceRef="usertask2" targetRef="exclusivegateway2"/>
    <sequenceFlow id="flow14" sourceRef="servicetask5" targetRef="endevent2"/>
    <sequenceFlow id="flow15" sourceRef="servicetask6" targetRef="endevent2"/>
    <sequenceFlow id="flow17" sourceRef="servicetask2" targetRef="usertask1"/>
    <sequenceFlow id="flow18" sourceRef="scripttask1" targetRef="servicetask7"/>
    <sequenceFlow id="flow19" sourceRef="startevent1" targetRef="scripttask1"/>
    <exclusiveGateway gatewayDirection="Unspecified" id="exclusivegateway1">
      <incoming>flow4</incoming>
      <outgoing>flow5</outgoing>
      <outgoing>flow7</outgoing>
    </exclusiveGateway>
    <sequenceFlow id="_3" sourceRef="servicetask4" targetRef="_2"/>
    <endEvent id="_2" name="End Event">
      <incoming>_3</incoming>
      <inputSet/>
    </endEvent>
    <endEvent id="endevent1" name="End">
      <inputSet/>
    </endEvent>
    <endEvent id="endevent2" name="End">
      <incoming>flow14</incoming>
      <incoming>flow15</incoming>
      <inputSet/>
    </endEvent>
    <endEvent id="_6" name="End Event">
      <incoming>_7</incoming>
      <inputSet/>
    </endEvent>
    <sequenceFlow id="_7" sourceRef="usertask2" targetRef="_6"/>
  </process>
  <process id="PROCESS_1" isClosed="false" isExecutable="true" processType="None">
    <extensionElements>
      <yaoqiang:page background="#FFFFFF" horizontalCount="1" verticalCount="1"/>
    </extensionElements>
    <task completionQuantity="1" id="_4" isForCompensation="false" name="Task" startQuantity="1"/>
    <serviceTask completionQuantity="1" id="_5" implementation="##WebService" isForCompensation="false" name="Service Task" startQuantity="1"/>
  </process>
  <bpmndi:BPMNDiagram id="Yaoqiang_Diagram-znes_bud_393" name="Untitled Diagram" resolution="96.0">
    <bpmndi:BPMNPlane bpmnElement="znes_bud_393">
      <bpmndi:BPMNShape bpmnElement="startevent1" id="Yaoqiang-startevent1">
        <omgdc:Bounds height="32.0" width="32.0" x="60.0" y="110.0"/>
        <bpmndi:BPMNLabel>
          <omgdc:Bounds height="19.84" width="29.0" x="61.5" y="150.04"/>
        </bpmndi:BPMNLabel>
      </bpmndi:BPMNShape>
      <bpmndi:BPMNShape bpmnElement="usertask1" id="Yaoqiang-usertask1">
        <omgdc:Bounds height="71.0" width="141.0" x="590.0" y="92.0"/>
        <bpmndi:BPMNLabel>
          <omgdc:Bounds height="34.84" width="92.0" x="614.5" y="112.08"/>
        </bpmndi:BPMNLabel>
      </bpmndi:BPMNShape>
      <bpmndi:BPMNShape bpmnElement="usertask2" id="Yaoqiang-usertask2">
        <omgdc:Bounds height="66.0" width="166.0" x="875.0" y="382.0"/>
        <bpmndi:BPMNLabel>
          <omgdc:Bounds height="19.84" width="6.0" x="955.0" y="407.08"/>
        </bpmndi:BPMNLabel>
      </bpmndi:BPMNShape>
      <bpmndi:BPMNShape bpmnElement="servicetask7" id="Yaoqiang-servicetask7">
        <omgdc:Bounds height="79.0" width="171.0" x="225.0" y="103.0"/>
        <bpmndi:BPMNLabel>
          <omgdc:Bounds height="49.84" width="147.0" x="237.0" y="119.58"/>
        </bpmndi:BPMNLabel>
      </bpmndi:BPMNShape>
      <bpmndi:BPMNShape bpmnElement="servicetask2" id="Yaoqiang-servicetask2">
        <omgdc:Bounds height="71.0" width="141.0" x="430.0" y="92.0"/>
        <bpmndi:BPMNLabel>
          <omgdc:Bounds height="34.84" width="78.0" x="461.5" y="112.08"/>
        </bpmndi:BPMNLabel>
      </bpmndi:BPMNShape>
      <bpmndi:BPMNShape bpmnElement="servicetask3" id="Yaoqiang-servicetask3">
        <omgdc:Bounds height="81.0" width="153.0" x="854.0" y="516.0"/>
        <bpmndi:BPMNLabel>
          <omgdc:Bounds height="49.84" width="135.0" x="863.0" y="533.58"/>
        </bpmndi:BPMNLabel>
      </bpmndi:BPMNShape>
      <bpmndi:BPMNShape bpmnElement="servicetask4" id="Yaoqiang-servicetask4">
        <omgdc:Bounds height="61.0" width="160.0" x="910.0" y="266.0"/>
        <bpmndi:BPMNLabel>
          <omgdc:Bounds height="19.84" width="6.0" x="987.0" y="288.58"/>
        </bpmndi:BPMNLabel>
      </bpmndi:BPMNShape>
      <bpmndi:BPMNShape bpmnElement="servicetask5" id="Yaoqiang-servicetask5">
        <omgdc:Bounds height="81.0" width="181.0" x="429.0" y="321.0"/>
        <bpmndi:BPMNLabel>
          <omgdc:Bounds height="64.84" width="158.0" x="440.5" y="331.08"/>
        </bpmndi:BPMNLabel>
      </bpmndi:BPMNShape>
      <bpmndi:BPMNShape bpmnElement="servicetask6" id="Yaoqiang-servicetask6">
        <omgdc:Bounds height="61.0" width="181.0" x="427.0" y="198.0"/>
        <bpmndi:BPMNLabel>
          <omgdc:Bounds height="34.84" width="156.0" x="439.5" y="213.08"/>
        </bpmndi:BPMNLabel>
      </bpmndi:BPMNShape>
      <bpmndi:BPMNShape bpmnElement="scripttask1" id="Yaoqiang-scripttask1">
        <omgdc:Bounds height="55.0" width="105.0" x="115.0" y="56.0"/>
        <bpmndi:BPMNLabel>
          <omgdc:Bounds height="19.84" width="60.0" x="137.5" y="75.58"/>
        </bpmndi:BPMNLabel>
      </bpmndi:BPMNShape>
      <bpmndi:BPMNShape bpmnElement="exclusivegateway2" id="Yaoqiang-exclusivegateway2" isMarkerVisible="true">
        <omgdc:Bounds height="42.0" width="42.0" x="750.0" y="279.0"/>
        <bpmndi:BPMNLabel>
          <omgdc:Bounds height="19.84" width="100.0" x="721.0" y="323.0"/>
        </bpmndi:BPMNLabel>
      </bpmndi:BPMNShape>
      <bpmndi:BPMNShape bpmnElement="exclusivegateway1" id="Yaoqiang-exclusivegateway1" isMarkerVisible="true">
        <omgdc:Bounds height="42.0" width="42.0" x="783.0" y="109.0"/>
        <bpmndi:BPMNLabel>
          <omgdc:Bounds height="19.84" width="6.0" x="801.0" y="153.0"/>
        </bpmndi:BPMNLabel>
      </bpmndi:BPMNShape>
      <bpmndi:BPMNShape bpmnElement="_2" id="Yaoqiang-_2">
        <omgdc:Bounds height="32.0" width="32.0" x="992.2703500554388" y="272.4976232044525"/>
        <bpmndi:BPMNLabel>
          <omgdc:Bounds height="19.84" width="54.0" x="981.27" y="312.54"/>
        </bpmndi:BPMNLabel>
      </bpmndi:BPMNShape>
      <bpmndi:BPMNShape bpmnElement="endevent1" id="Yaoqiang-endevent1">
        <omgdc:Bounds height="32.0" width="32.0" x="1193.0" y="66.0"/>
        <bpmndi:BPMNLabel>
          <omgdc:Bounds height="19.84" width="24.0" x="1197.0" y="106.04"/>
        </bpmndi:BPMNLabel>
      </bpmndi:BPMNShape>
      <bpmndi:BPMNShape bpmnElement="endevent2" id="Yaoqiang-endevent2">
        <omgdc:Bounds height="32.0" width="32.0" x="349.0" y="269.0"/>
        <bpmndi:BPMNLabel>
          <omgdc:Bounds height="19.84" width="24.0" x="353.0" y="309.04"/>
        </bpmndi:BPMNLabel>
      </bpmndi:BPMNShape>
      <bpmndi:BPMNShape bpmnElement="_6" id="Yaoqiang-_6">
        <omgdc:Bounds height="32.0" width="32.0" x="993.4117647058824" y="383.20588235294116"/>
        <bpmndi:BPMNLabel>
          <omgdc:Bounds height="19.84" width="54.0" x="982.41" y="423.25"/>
        </bpmndi:BPMNLabel>
      </bpmndi:BPMNShape>
      <bpmndi:BPMNEdge bpmnElement="flow9" id="Yaoqiang-flow9">
        <omgdi:waypoint x="941.0" y="516.0"/>
        <omgdi:waypoint x="941.0" y="448.0"/>
        <bpmndi:BPMNLabel>
          <omgdc:Bounds height="19.84" width="6.0" x="938.0" y="472.08"/>
        </bpmndi:BPMNLabel>
      </bpmndi:BPMNEdge>
      <bpmndi:BPMNEdge bpmnElement="flow7" id="Yaoqiang-flow7">
        <omgdi:waypoint x="822.0" y="127.0"/>
        <omgdi:waypoint x="937.0" y="127.0"/>
        <omgdi:waypoint x="937.0" y="516.0"/>
        <bpmndi:BPMNLabel>
          <omgdc:Bounds height="19.84" width="121.0" x="876.5" y="254.08"/>
        </bpmndi:BPMNLabel>
      </bpmndi:BPMNEdge>
      <bpmndi:BPMNEdge bpmnElement="flow5" id="Yaoqiang-flow5">
        <omgdi:waypoint x="822.0" y="127.0"/>
        <omgdi:waypoint x="822.0" y="41.0"/>
        <omgdi:waypoint x="990.0" y="266.0"/>
        <bpmndi:BPMNLabel>
          <omgdc:Bounds height="19.84" width="115.0" x="918.0" y="31.08"/>
        </bpmndi:BPMNLabel>
      </bpmndi:BPMNEdge>
      <bpmndi:BPMNEdge bpmnElement="flow4" id="Yaoqiang-flow4">
        <omgdi:waypoint x="660.5" y="163.0"/>
        <omgdi:waypoint x="770.0" y="165.0"/>
        <omgdi:waypoint x="804.0" y="151.0"/>
        <bpmndi:BPMNLabel>
          <omgdc:Bounds height="19.84" width="6.0" x="735.25" y="155.08"/>
        </bpmndi:BPMNLabel>
      </bpmndi:BPMNEdge>
      <bpmndi:BPMNEdge bpmnElement="flow3" id="Yaoqiang-flow3">
        <omgdi:waypoint x="396.0" y="142.5"/>
        <omgdi:waypoint x="430.0" y="127.5"/>
        <bpmndi:BPMNLabel>
          <omgdc:Bounds height="19.84" width="6.0" x="410.0" y="125.08"/>
        </bpmndi:BPMNLabel>
      </bpmndi:BPMNEdge>
      <bpmndi:BPMNEdge bpmnElement="flow19" id="Yaoqiang-flow19">
        <omgdi:waypoint x="92.0" y="126.0"/>
        <omgdi:waypoint x="115.0" y="83.5"/>
        <bpmndi:BPMNLabel>
          <omgdc:Bounds height="19.84" width="6.0" x="100.5" y="94.83"/>
        </bpmndi:BPMNLabel>
      </bpmndi:BPMNEdge>
      <bpmndi:BPMNEdge bpmnElement="flow18" id="Yaoqiang-flow18">
        <omgdi:waypoint x="220.0" y="83.5"/>
        <omgdi:waypoint x="225.0" y="142.5"/>
        <bpmndi:BPMNLabel>
          <omgdc:Bounds height="19.84" width="6.0" x="219.5" y="103.08"/>
        </bpmndi:BPMNLabel>
      </bpmndi:BPMNEdge>
      <bpmndi:BPMNEdge bpmnElement="flow17" id="Yaoqiang-flow17">
        <omgdi:waypoint x="571.0" y="127.5"/>
        <omgdi:waypoint x="590.0" y="127.5"/>
        <bpmndi:BPMNLabel>
          <omgdc:Bounds height="19.84" width="6.0" x="577.5" y="117.58"/>
        </bpmndi:BPMNLabel>
      </bpmndi:BPMNEdge>
      <bpmndi:BPMNEdge bpmnElement="flow15" id="Yaoqiang-flow15">
        <omgdi:waypoint x="427.0" y="228.5"/>
        <omgdi:waypoint x="381.0" y="285.0"/>
        <bpmndi:BPMNLabel>
          <omgdc:Bounds height="19.84" width="6.0" x="401.0" y="246.83"/>
        </bpmndi:BPMNLabel>
      </bpmndi:BPMNEdge>
      <bpmndi:BPMNEdge bpmnElement="flow14" id="Yaoqiang-flow14">
        <omgdi:waypoint x="429.0" y="361.5"/>
        <omgdi:waypoint x="381.0" y="285.0"/>
        <bpmndi:BPMNLabel>
          <omgdc:Bounds height="19.84" width="6.0" x="402.0" y="313.33"/>
        </bpmndi:BPMNLabel>
      </bpmndi:BPMNEdge>
      <bpmndi:BPMNEdge bpmnElement="flow13" id="Yaoqiang-flow13">
        <omgdi:waypoint x="875.0" y="415.0"/>
        <omgdi:waypoint x="792.0" y="300.0"/>
        <bpmndi:BPMNLabel>
          <omgdc:Bounds height="19.84" width="6.0" x="830.5" y="347.58"/>
        </bpmndi:BPMNLabel>
      </bpmndi:BPMNEdge>
      <bpmndi:BPMNEdge bpmnElement="flow11" id="Yaoqiang-flow11">
        <omgdi:waypoint x="770.0" y="280.0"/>
        <omgdi:waypoint x="770.0" y="235.0"/>
        <omgdi:waypoint x="608.0" y="235.0"/>
        <bpmndi:BPMNLabel>
          <omgdc:Bounds height="34.84" width="115.0" x="654.0" y="217.58"/>
        </bpmndi:BPMNLabel>
      </bpmndi:BPMNEdge>
      <bpmndi:BPMNEdge bpmnElement="flow10" id="Yaoqiang-flow10">
        <omgdi:waypoint x="769.0" y="319.0"/>
        <omgdi:waypoint x="769.0" y="368.0"/>
        <omgdi:waypoint x="610.0" y="368.0"/>
        <bpmndi:BPMNLabel>
          <omgdc:Bounds height="34.84" width="121.0" x="653.5" y="350.58"/>
        </bpmndi:BPMNLabel>
      </bpmndi:BPMNEdge>
      <bpmndi:BPMNEdge bpmnElement="_7" id="Yaoqiang-_7">
        <omgdi:waypoint x="1009.4117647058824" y="389.5017162471396"/>
        <omgdi:waypoint x="1024.9986753344378" y="399.20588235294116"/>
        <bpmndi:BPMNLabel>
          <omgdc:Bounds height="19.84" width="6.0" x="1009.35" y="389.29"/>
        </bpmndi:BPMNLabel>
      </bpmndi:BPMNEdge>
      <bpmndi:BPMNEdge bpmnElement="_3" id="Yaoqiang-_3">
        <omgdi:waypoint x="1008.2703500554389" y="266.0"/>
        <omgdi:waypoint x="1023.9922597260797" y="288.4976232044525"/>
        <bpmndi:BPMNLabel>
          <omgdc:Bounds height="19.84" width="6.0" x="1005.27" y="275.19"/>
        </bpmndi:BPMNLabel>
      </bpmndi:BPMNEdge>
    </bpmndi:BPMNPlane>
  </bpmndi:BPMNDiagram>
  <bpmndi:BPMNDiagram id="Yaoqiang_Diagram-PROCESS_1" name="Untitled Diagram" resolution="96.0">
    <bpmndi:BPMNPlane bpmnElement="PROCESS_1">
      <bpmndi:BPMNShape bpmnElement="_4" id="Yaoqiang-_4">
        <omgdc:Bounds height="55.0" width="85.0" x="146.6470588235294" y="60.911764705882334"/>
        <bpmndi:BPMNLabel>
          <omgdc:Bounds height="19.84" width="29.0" x="174.65" y="80.49"/>
        </bpmndi:BPMNLabel>
      </bpmndi:BPMNShape>
      <bpmndi:BPMNShape bpmnElement="_5" id="Yaoqiang-_5">
        <omgdc:Bounds height="55.0" width="85.0" x="296.70588235294116" y="86.32352941176467"/>
        <bpmndi:BPMNLabel>
          <omgdc:Bounds height="19.84" width="69.0" x="304.71" y="105.91"/>
        </bpmndi:BPMNLabel>
      </bpmndi:BPMNShape>
    </bpmndi:BPMNPlane>
  </bpmndi:BPMNDiagram>
</definitions>
